  hashTable.cpp
c:\users\s199079\documents\code-design-assessment\codedesignassessment\codedesignassessment\tlinkedlist.h(45): error C4430: missing type specifier - int assumed. Note: C++ does not support default-int
  c:\users\s199079\documents\code-design-assessment\codedesignassessment\codedesignassessment\tlinkedlist.h(92): note: see reference to class template instantiation 'tForwardList<T>::const_iterator' being compiled
  c:\users\s199079\documents\code-design-assessment\codedesignassessment\codedesignassessment\tlinkedlist.h(105): note: see reference to class template instantiation 'tForwardList<T>' being compiled
c:\users\s199079\documents\code-design-assessment\codedesignassessment\codedesignassessment\tlinkedlist.h(45): error C2143: syntax error: missing ',' before '&'
c:\users\s199079\documents\code-design-assessment\codedesignassessment\codedesignassessment\tlinkedlist.h(54): error C2535: 'tForwardList<T>::const_iterator::const_iterator(void)': member function already defined or declared
  c:\users\s199079\documents\code-design-assessment\codedesignassessment\codedesignassessment\tlinkedlist.h(43): note: see declaration of 'tForwardList<T>::const_iterator::const_iterator'
c:\users\s199079\documents\code-design-assessment\codedesignassessment\codedesignassessment\tlinkedlist.h(59): error C2535: 'tForwardList<T>::const_iterator::const_iterator(tForwardList<T>::Node *)': member function already defined or declared
  c:\users\s199079\documents\code-design-assessment\codedesignassessment\codedesignassessment\tlinkedlist.h(44): note: see declaration of 'tForwardList<T>::const_iterator::const_iterator'
c:\users\s199079\documents\code-design-assessment\codedesignassessment\codedesignassessment\tlinkedlist.h(64): error C4430: missing type specifier - int assumed. Note: C++ does not support default-int
c:\users\s199079\documents\code-design-assessment\codedesignassessment\codedesignassessment\tlinkedlist.h(64): error C2143: syntax error: missing ',' before '&'
c:\users\s199079\documents\code-design-assessment\codedesignassessment\codedesignassessment\tlinkedlist.h(64): error C2535: 'tForwardList<T>::const_iterator::const_iterator(const int)': member function already defined or declared
  c:\users\s199079\documents\code-design-assessment\codedesignassessment\codedesignassessment\tlinkedlist.h(45): note: see declaration of 'tForwardList<T>::const_iterator::const_iterator'
c:\users\s199079\documents\code-design-assessment\codedesignassessment\codedesignassessment\tlinkedlist.h(70): error C2535: 'bool tForwardList<T>::const_iterator::operator ==(const tForwardList<T>::const_iterator &) const': member function already defined or declared
  c:\users\s199079\documents\code-design-assessment\codedesignassessment\codedesignassessment\tlinkedlist.h(47): note: see declaration of 'tForwardList<T>::const_iterator::operator =='
c:\users\s199079\documents\code-design-assessment\codedesignassessment\codedesignassessment\tlinkedlist.h(75): error C2535: 'bool tForwardList<T>::const_iterator::operator !=(const tForwardList<T>::const_iterator &) const': member function already defined or declared
  c:\users\s199079\documents\code-design-assessment\codedesignassessment\codedesignassessment\tlinkedlist.h(48): note: see declaration of 'tForwardList<T>::const_iterator::operator !='
c:\users\s199079\documents\code-design-assessment\codedesignassessment\codedesignassessment\tlinkedlist.h(80): error C2535: 'T &tForwardList<T>::const_iterator::operator *(void) const': member function already defined or declared
  c:\users\s199079\documents\code-design-assessment\codedesignassessment\codedesignassessment\tlinkedlist.h(49): note: see declaration of 'tForwardList<T>::const_iterator::operator *'
c:\users\s199079\documents\code-design-assessment\codedesignassessment\codedesignassessment\tlinkedlist.h(85): error C2535: 'tForwardList<T>::const_iterator &tForwardList<T>::const_iterator::operator ++(void)': member function already defined or declared
  c:\users\s199079\documents\code-design-assessment\codedesignassessment\codedesignassessment\tlinkedlist.h(50): note: see declaration of 'tForwardList<T>::const_iterator::operator ++'
c:\users\s199079\documents\code-design-assessment\codedesignassessment\codedesignassessment\tlinkedlist.h(90): error C2535: 'tForwardList<T>::const_iterator tForwardList<T>::const_iterator::operator ++(int)': member function already defined or declared
  c:\users\s199079\documents\code-design-assessment\codedesignassessment\codedesignassessment\tlinkedlist.h(51): note: see declaration of 'tForwardList<T>::const_iterator::operator ++'
c:\users\s199079\documents\code-design-assessment\codedesignassessment\codedesignassessment\highscoreentry.h(12): error C2535: 'highScoreEntry::highScoreEntry(void)': member function already defined or declared
  c:\users\s199079\documents\code-design-assessment\codedesignassessment\codedesignassessment\highscoreentry.h(11): note: see declaration of 'highScoreEntry::highScoreEntry'
c:\users\s199079\documents\code-design-assessment\codedesignassessment\codedesignassessment\hashtable.cpp(35): warning C4267: '+=': conversion from 'size_t' to 'int', possible loss of data
c:\users\s199079\documents\code-design-assessment\codedesignassessment\codedesignassessment\hashtable.cpp(198): error C2374: 'topScores': redefinition; multiple initialization
  c:\users\s199079\documents\code-design-assessment\codedesignassessment\codedesignassessment\hashtable.cpp(194): note: see declaration of 'topScores'
